# JRE version: Java(TM) SE Runtime Environment (8.0-b132) (build 1.8.0-b132)
# Java VM: Java HotSpot(TM) 64-Bit Server VM (25.0-b70 mixed mode bsd-amd64 compressed oops)
Heap:
 PSYoungGen      total 89600K, used 53122K [0x000000076ab00000, 0x0000000771900000, 0x00000007c0000000)
  eden space 76288K, 54% used [0x000000076ab00000,0x000000076d34e500,0x000000076f580000)
  from space 13312K, 89% used [0x000000076f580000,0x00000007701126e8,0x0000000770280000)
  to   space 15360K, 0% used [0x0000000770a00000,0x0000000770a00000,0x0000000771900000)
 ParOldGen       total 38400K, used 27655K [0x00000006c0000000, 0x00000006c2580000, 0x000000076ab00000)
  object space 38400K, 72% used [0x00000006c0000000,0x00000006c1b01e58,0x00000006c2580000)
 Metaspace       used 40633K, capacity 41178K, committed 41344K, reserved 1085440K
  class space    used 5491K, capacity 5651K, committed 5760K, reserved 1048576K
GC Heap History (10 events):
Event: 6.476 GC heap before
{Heap before GC invocations=20 (full 1):
 PSYoungGen      total 67584K, used 67504K [0x000000076ab00000, 0x000000076fb80000, 0x00000007c0000000)
  eden space 64000K, 100% used [0x000000076ab00000,0x000000076e980000,0x000000076e980000)
  from space 3584K, 97% used [0x000000076f800000,0x000000076fb6c0b0,0x000000076fb80000)
  to   space 6144K, 0% used [0x000000076ef80000,0x000000076ef80000,0x000000076f580000)
 ParOldGen       total 11776K, used 8569K [0x00000006c0000000, 0x00000006c0b80000, 0x000000076ab00000)
  object space 11776K, 72% used [0x00000006c0000000,0x00000006c085e688,0x00000006c0b80000)
 Metaspace       used 28293K, capacity 28790K, committed 29184K, reserved 1075200K
  class space    used 3868K, capacity 4013K, committed 4096K, reserved 1048576K
Event: 6.492 GC heap after
Heap after GC invocations=20 (full 1):
 PSYoungGen      total 76288K, used 6113K [0x000000076ab00000, 0x0000000770e00000, 0x00000007c0000000)
  eden space 70144K, 0% used [0x000000076ab00000,0x000000076ab00000,0x000000076ef80000)
  from space 6144K, 99% used [0x000000076ef80000,0x000000076f5785b8,0x000000076f580000)
  to   space 11264K, 0% used [0x0000000770300000,0x0000000770300000,0x0000000770e00000)
 ParOldGen       total 19968K, used 19678K [0x00000006c0000000, 0x00000006c1380000, 0x000000076ab00000)
  object space 19968K, 98% used [0x00000006c0000000,0x00000006c13378e0,0x00000006c1380000)
 Metaspace       used 28293K, capacity 28790K, committed 29184K, reserved 1075200K
  class space    used 3868K, capacity 4013K, committed 4096K, reserved 1048576K
}
Event: 6.492 GC heap before
{Heap before GC invocations=21 (full 2):
 PSYoungGen      total 76288K, used 6113K [0x000000076ab00000, 0x0000000770e00000, 0x00000007c0000000)
  eden space 70144K, 0% used [0x000000076ab00000,0x000000076ab00000,0x000000076ef80000)
  from space 6144K, 99% used [0x000000076ef80000,0x000000076f5785b8,0x000000076f580000)
  to   space 11264K, 0% used [0x0000000770300000,0x0000000770300000,0x0000000770e00000)
 ParOldGen       total 19968K, used 19678K [0x00000006c0000000, 0x00000006c1380000, 0x000000076ab00000)
  object space 19968K, 98% used [0x00000006c0000000,0x00000006c13378e0,0x00000006c1380000)
 Metaspace       used 28293K, capacity 28790K, committed 29184K, reserved 1075200K
  class space    used 3868K, capacity 4013K, committed 4096K, reserved 1048576K
Event: 6.684 GC heap after
Heap after GC invocations=21 (full 2):
 PSYoungGen      total 76288K, used 5067K [0x000000076ab00000, 0x0000000770e00000, 0x00000007c0000000)
  eden space 70144K, 0% used [0x000000076ab00000,0x000000076ab00000,0x000000076ef80000)
  from space 6144K, 82% used [0x000000076ef80000,0x000000076f472f60,0x000000076f580000)
  to   space 11264K, 0% used [0x0000000770300000,0x0000000770300000,0x0000000770e00000)
 ParOldGen       total 27648K, used 19561K [0x00000006c0000000, 0x00000006c1b00000, 0x000000076ab00000)
  object space 27648K, 70% used [0x00000006c0000000,0x00000006c131a410,0x00000006c1b00000)
 Metaspace       used 28293K, capacity 28790K, committed 29184K, reserved 1075200K
  class space    used 3868K, capacity 4013K, committed 4096K, reserved 1048576K
}
Event: 8.747 GC heap before
{Heap before GC invocations=22 (full 2):
 PSYoungGen      total 76288K, used 75211K [0x000000076ab00000, 0x0000000770e00000, 0x00000007c0000000)
  eden space 70144K, 100% used [0x000000076ab00000,0x000000076ef80000,0x000000076ef80000)
  from space 6144K, 82% used [0x000000076ef80000,0x000000076f472f60,0x000000076f580000)
  to   space 11264K, 0% used [0x0000000770300000,0x0000000770300000,0x0000000770e00000)
 ParOldGen       total 27648K, used 19561K [0x00000006c0000000, 0x00000006c1b00000, 0x000000076ab00000)
  object space 27648K, 70% used [0x00000006c0000000,0x00000006c131a410,0x00000006c1b00000)
 Metaspace       used 34653K, capacity 35258K, committed 35456K, reserved 1079296K
  class space    used 4731K, capacity 4915K, committed 4992K, reserved 1048576K
Event: 8.767 GC heap after
Heap after GC invocations=22 (full 2):
 PSYoungGen      total 87552K, used 10959K [0x000000076ab00000, 0x0000000770f80000, 0x00000007c0000000)
  eden space 76288K, 0% used [0x000000076ab00000,0x000000076ab00000,0x000000076f580000)
  from space 11264K, 97% used [0x0000000770300000,0x0000000770db3d50,0x0000000770e00000)
  to   space 13312K, 0% used [0x000000076f580000,0x000000076f580000,0x0000000770280000)
 ParOldGen       total 27648K, used 24863K [0x00000006c0000000, 0x00000006c1b00000, 0x000000076ab00000)
  object space 27648K, 89% used [0x00000006c0000000,0x00000006c1847d28,0x00000006c1b00000)
 Metaspace       used 34653K, capacity 35258K, committed 35456K, reserved 1079296K
  class space    used 4731K, capacity 4915K, committed 4992K, reserved 1048576K
}
Event: 8.767 GC heap before
{Heap before GC invocations=23 (full 3):
 PSYoungGen      total 87552K, used 10959K [0x000000076ab00000, 0x0000000770f80000, 0x00000007c0000000)
  eden space 76288K, 0% used [0x000000076ab00000,0x000000076ab00000,0x000000076f580000)
  from space 11264K, 97% used [0x0000000770300000,0x0000000770db3d50,0x0000000770e00000)
  to   space 13312K, 0% used [0x000000076f580000,0x000000076f580000,0x0000000770280000)
 ParOldGen       total 27648K, used 24863K [0x00000006c0000000, 0x00000006c1b00000, 0x000000076ab00000)
  object space 27648K, 89% used [0x00000006c0000000,0x00000006c1847d28,0x00000006c1b00000)
 Metaspace       used 34653K, capacity 35258K, committed 35456K, reserved 1079296K
  class space    used 4731K, capacity 4915K, committed 4992K, reserved 1048576K
Event: 8.897 GC heap after
Heap after GC invocations=23 (full 3):
 PSYoungGen      total 87552K, used 4000K [0x000000076ab00000, 0x0000000770f80000, 0x00000007c0000000)
  eden space 76288K, 0% used [0x000000076ab00000,0x000000076ab00000,0x000000076f580000)
  from space 11264K, 35% used [0x0000000770300000,0x00000007706e81c8,0x0000000770e00000)
  to   space 13312K, 0% used [0x000000076f580000,0x000000076f580000,0x0000000770280000)
 ParOldGen       total 38400K, used 27647K [0x00000006c0000000, 0x00000006c2580000, 0x000000076ab00000)
  object space 38400K, 71% used [0x00000006c0000000,0x00000006c1affe58,0x00000006c2580000)
 Metaspace       used 34653K, capacity 35258K, committed 35456K, reserved 1079296K
  class space    used 4731K, capacity 4915K, committed 4992K, reserved 1048576K
}
Event: 10.930 GC heap before
{Heap before GC invocations=24 (full 3):
 PSYoungGen      total 87552K, used 80288K [0x000000076ab00000, 0x0000000770f80000, 0x00000007c0000000)
  eden space 76288K, 100% used [0x000000076ab00000,0x000000076f580000,0x000000076f580000)
  from space 11264K, 35% used [0x0000000770300000,0x00000007706e81c8,0x0000000770e00000)
  to   space 13312K, 0% used [0x000000076f580000,0x000000076f580000,0x0000000770280000)
 ParOldGen       total 38400K, used 27647K [0x00000006c0000000, 0x00000006c2580000, 0x000000076ab00000)
  object space 38400K, 71% used [0x00000006c0000000,0x00000006c1affe58,0x00000006c2580000)
 Metaspace       used 38787K, capacity 39322K, committed 39552K, reserved 1083392K
  class space    used 5225K, capacity 5395K, committed 5504K, reserved 1048576K
Event: 10.946 GC heap after
Heap after GC invocations=24 (full 3):
 PSYoungGen      total 89600K, used 11849K [0x000000076ab00000, 0x0000000771900000, 0x00000007c0000000)
  eden space 76288K, 0% used [0x000000076ab00000,0x000000076ab00000,0x000000076f580000)
  from space 13312K, 89% used [0x000000076f580000,0x00000007701126e8,0x0000000770280000)
  to   space 15360K, 0% used [0x0000000770a00000,0x0000000770a00000,0x0000000771900000)
 ParOldGen       total 38400K, used 27655K [0x00000006c0000000, 0x00000006c2580000, 0x000000076ab00000)
  object space 38400K, 72% used [0x00000006c0000000,0x00000006c1b01e58,0x00000006c2580000)
 Metaspace       used 38787K, capacity 39322K, committed 39552K, reserved 1083392K
  class space    used 5225K, capacity 5395K, committed 5504K, reserved 1048576K
}

